<?xml version="1.0" encoding="UTF-8"?>
<coverage generated="1774792704832" clover="3.2.0">
  <project timestamp="1774792704832" name="All files">
    <metrics statements="49" coveredstatements="7" conditionals="18" coveredconditionals="0" methods="2" coveredmethods="1" elements="69" coveredelements="8" complexity="0" loc="49" ncloc="49" packages="1" files="1" classes="1"/>
    <file name="verifyRazorpayPayment.ts" path="C:\Users\wujjw\Music\MediTrack-main\MediTrack-main\functions\src\verifyRazorpayPayment.ts">
      <metrics statements="49" coveredstatements="7" conditionals="18" coveredconditionals="0" methods="2" coveredmethods="1"/>
      <line num="15" count="1" type="stmt"/>
      <line num="16" count="1" type="stmt"/>
      <line num="17" count="1" type="stmt"/>
      <line num="23" count="1" type="stmt"/>
      <line num="25" count="0" type="stmt"/>
      <line num="27" count="0" type="cond" truecount="0" falsecount="1"/>
      <line num="28" count="0" type="stmt"/>
      <line num="34" count="0" type="stmt"/>
      <line num="35" count="0" type="stmt"/>
      <line num="38" count="0" type="cond" truecount="0" falsecount="3"/>
      <line num="39" count="0" type="stmt"/>
      <line num="45" count="0" type="cond" truecount="0" falsecount="3"/>
      <line num="46" count="0" type="stmt"/>
      <line num="52" count="0" type="cond" truecount="0" falsecount="3"/>
      <line num="53" count="0" type="stmt"/>
      <line num="59" count="0" type="cond" truecount="0" falsecount="3"/>
      <line num="60" count="0" type="stmt"/>
      <line num="66" count="0" type="stmt"/>
      <line num="71" count="0" type="stmt"/>
      <line num="73" count="0" type="cond" truecount="0" falsecount="1"/>
      <line num="74" count="0" type="stmt"/>
      <line num="79" count="0" type="stmt"/>
      <line num="87" count="0" type="stmt"/>
      <line num="88" count="0" type="stmt"/>
      <line num="93" count="0" type="stmt"/>
      <line num="95" count="0" type="stmt"/>
      <line num="99" count="0" type="cond" truecount="0" falsecount="1"/>
      <line num="101" count="0" type="stmt"/>
      <line num="111" count="0" type="stmt"/>
      <line num="119" count="0" type="stmt"/>
      <line num="126" count="0" type="cond" truecount="0" falsecount="1"/>
      <line num="127" count="0" type="stmt"/>
      <line num="128" count="0" type="stmt"/>
      <line num="129" count="0" type="stmt"/>
      <line num="140" count="0" type="stmt"/>
      <line num="147" count="0" type="cond" truecount="0" falsecount="1"/>
      <line num="148" count="0" type="stmt"/>
      <line num="154" count="0" type="stmt"/>
      <line num="157" count="0" type="stmt"/>
      <line num="165" count="0" type="stmt"/>
      <line num="170" count="0" type="stmt"/>
      <line num="178" count="0" type="stmt"/>
      <line num="179" count="0" type="stmt"/>
      <line num="182" count="0" type="cond" truecount="0" falsecount="1"/>
      <line num="183" count="0" type="stmt"/>
      <line num="187" count="0" type="stmt"/>
      <line num="199" count="1" type="stmt"/>
      <line num="204" count="36" type="stmt"/>
      <line num="205" count="36" type="stmt"/>
    </file>
  </project>
</coverage>
