{"C:\\Users\\wujjw\\Music\\MediTrack-main\\MediTrack-main\\functions\\src\\createRazorpayOrder.ts": {"path":"C:\\Users\\wujjw\\Music\\MediTrack-main\\MediTrack-main\\functions\\src\\createRazorpayOrder.ts","statementMap":{"0":{"start":{"line":8,"column":0},"end":{"line":8,"column":48}},"1":{"start":{"line":26,"column":13},"end":{"line":144,"column":3}},"2":{"start":{"line":27,"column":4},"end":{"line":32,"column":5}},"3":{"start":{"line":28,"column":8},"end":{"line":31,"column":10}},"4":{"start":{"line":34,"column":19},"end":{"line":34,"column":39}},"5":{"start":{"line":35,"column":4},"end":{"line":40,"column":5}},"6":{"start":{"line":36,"column":8},"end":{"line":39,"column":10}},"7":{"start":{"line":43,"column":8},"end":{"line":45,"column":19}},"8":{"start":{"line":47,"column":4},"end":{"line":52,"column":5}},"9":{"start":{"line":48,"column":8},"end":{"line":51,"column":10}},"10":{"start":{"line":55,"column":8},"end":{"line":57,"column":39}},"11":{"start":{"line":60,"column":8},"end":{"line":60,"column":86}},"12":{"start":{"line":62,"column":26},"end":{"line":62,"column":44}},"13":{"start":{"line":63,"column":18},"end":{"line":63,"column":80}},"14":{"start":{"line":64,"column":22},"end":{"line":64,"column":92}},"15":{"start":{"line":66,"column":4},"end":{"line":71,"column":5}},"16":{"start":{"line":67,"column":8},"end":{"line":70,"column":10}},"17":{"start":{"line":73,"column":4},"end":{"line":143,"column":5}},"18":{"start":{"line":74,"column":27},"end":{"line":74,"column":82}},"19":{"start":{"line":75,"column":25},"end":{"line":90,"column":10}},"20":{"start":{"line":92,"column":24},"end":{"line":92,"column":45}},"21":{"start":{"line":93,"column":50},"end":{"line":93,"column":52}},"22":{"start":{"line":95,"column":8},"end":{"line":102,"column":9}},"23":{"start":{"line":96,"column":12},"end":{"line":101,"column":13}},"24":{"start":{"line":97,"column":16},"end":{"line":97,"column":76}},"25":{"start":{"line":99,"column":28},"end":{"line":99,"column":62}},"26":{"start":{"line":100,"column":16},"end":{"line":100,"column":93}},"27":{"start":{"line":104,"column":8},"end":{"line":116,"column":9}},"28":{"start":{"line":106,"column":16},"end":{"line":108,"column":77}},"29":{"start":{"line":110,"column":12},"end":{"line":113,"column":15}},"30":{"start":{"line":115,"column":12},"end":{"line":115,"column":80}},"31":{"start":{"line":118,"column":8},"end":{"line":123,"column":9}},"32":{"start":{"line":119,"column":12},"end":{"line":122,"column":14}},"33":{"start":{"line":125,"column":8},"end":{"line":131,"column":10}},"34":{"start":{"line":133,"column":8},"end":{"line":135,"column":9}},"35":{"start":{"line":134,"column":12},"end":{"line":134,"column":24}},"36":{"start":{"line":137,"column":20},"end":{"line":137,"column":49}},"37":{"start":{"line":138,"column":8},"end":{"line":138,"column":72}},"38":{"start":{"line":139,"column":8},"end":{"line":142,"column":10}}},"fnMap":{"0":{"name":"(anonymous_9)","decl":{"start":{"line":26,"column":58},"end":{"line":26,"column":63}},"loc":{"start":{"line":26,"column":82},"end":{"line":144,"column":1}}}},"branchMap":{"0":{"loc":{"start":{"line":27,"column":4},"end":{"line":32,"column":5}},"type":"if","locations":[{"start":{"line":27,"column":4},"end":{"line":32,"column":5}}]},"1":{"loc":{"start":{"line":34,"column":26},"end":{"line":34,"column":38}},"type":"cond-expr","locations":[{"start":{"line":34,"column":30},"end":{"line":34,"column":32}},{"start":{"line":34,"column":26},"end":{"line":34,"column":38}}]},"2":{"loc":{"start":{"line":34,"column":26},"end":{"line":34,"column":32}},"type":"binary-expr","locations":[{"start":{"line":34,"column":26},"end":{"line":34,"column":32}},{"start":{"line":34,"column":26},"end":{"line":34,"column":32}}]},"3":{"loc":{"start":{"line":35,"column":4},"end":{"line":40,"column":5}},"type":"if","locations":[{"start":{"line":35,"column":4},"end":{"line":40,"column":5}}]},"4":{"loc":{"start":{"line":35,"column":8},"end":{"line":35,"column":48}},"type":"binary-expr","locations":[{"start":{"line":35,"column":8},"end":{"line":35,"column":33}},{"start":{"line":35,"column":37},"end":{"line":35,"column":48}}]},"5":{"loc":{"start":{"line":43,"column":8},"end":{"line":45,"column":19}},"type":"cond-expr","locations":[{"start":{"line":44,"column":14},"end":{"line":44,"column":48}},{"start":{"line":45,"column":14},"end":{"line":45,"column":19}}]},"6":{"loc":{"start":{"line":43,"column":8},"end":{"line":43,"column":77}},"type":"binary-expr","locations":[{"start":{"line":43,"column":8},"end":{"line":43,"column":42}},{"start":{"line":43,"column":46},"end":{"line":43,"column":77}}]},"7":{"loc":{"start":{"line":43,"column":15},"end":{"line":43,"column":29}},"type":"cond-expr","locations":[{"start":{"line":43,"column":19},"end":{"line":43,"column":21}},{"start":{"line":43,"column":15},"end":{"line":43,"column":29}}]},"8":{"loc":{"start":{"line":43,"column":15},"end":{"line":43,"column":21}},"type":"binary-expr","locations":[{"start":{"line":43,"column":15},"end":{"line":43,"column":21}},{"start":{"line":43,"column":15},"end":{"line":43,"column":21}}]},"9":{"loc":{"start":{"line":47,"column":4},"end":{"line":52,"column":5}},"type":"if","locations":[{"start":{"line":47,"column":4},"end":{"line":52,"column":5}}]},"10":{"loc":{"start":{"line":55,"column":8},"end":{"line":57,"column":39}},"type":"cond-expr","locations":[{"start":{"line":56,"column":14},"end":{"line":56,"column":46}},{"start":{"line":57,"column":14},"end":{"line":57,"column":39}}]},"11":{"loc":{"start":{"line":55,"column":8},"end":{"line":55,"column":75}},"type":"binary-expr","locations":[{"start":{"line":55,"column":8},"end":{"line":55,"column":41}},{"start":{"line":55,"column":45},"end":{"line":55,"column":75}}]},"12":{"loc":{"start":{"line":55,"column":15},"end":{"line":55,"column":28}},"type":"cond-expr","locations":[{"start":{"line":55,"column":19},"end":{"line":55,"column":21}},{"start":{"line":55,"column":15},"end":{"line":55,"column":28}}]},"13":{"loc":{"start":{"line":55,"column":15},"end":{"line":55,"column":21}},"type":"binary-expr","locations":[{"start":{"line":55,"column":15},"end":{"line":55,"column":21}},{"start":{"line":55,"column":15},"end":{"line":55,"column":21}}]},"14":{"loc":{"start":{"line":60,"column":8},"end":{"line":60,"column":86}},"type":"cond-expr","locations":[{"start":{"line":60,"column":53},"end":{"line":60,"column":81}},{"start":{"line":60,"column":84},"end":{"line":60,"column":86}}]},"15":{"loc":{"start":{"line":60,"column":15},"end":{"line":60,"column":37}},"type":"cond-expr","locations":[{"start":{"line":60,"column":19},"end":{"line":60,"column":21}},{"start":{"line":60,"column":15},"end":{"line":60,"column":37}}]},"16":{"loc":{"start":{"line":60,"column":15},"end":{"line":60,"column":21}},"type":"binary-expr","locations":[{"start":{"line":60,"column":15},"end":{"line":60,"column":21}},{"start":{"line":60,"column":15},"end":{"line":60,"column":21}}]},"17":{"loc":{"start":{"line":63,"column":18},"end":{"line":63,"column":80}},"type":"binary-expr","locations":[{"start":{"line":63,"column":18},"end":{"line":63,"column":45}},{"start":{"line":63,"column":49},"end":{"line":63,"column":79}}]},"18":{"loc":{"start":{"line":63,"column":49},"end":{"line":63,"column":79}},"type":"cond-expr","locations":[{"start":{"line":63,"column":71},"end":{"line":63,"column":73}},{"start":{"line":63,"column":71},"end":{"line":63,"column":79}}]},"19":{"loc":{"start":{"line":63,"column":49},"end":{"line":63,"column":73}},"type":"binary-expr","locations":[{"start":{"line":63,"column":49},"end":{"line":63,"column":73}},{"start":{"line":63,"column":71},"end":{"line":63,"column":73}}]},"20":{"loc":{"start":{"line":64,"column":22},"end":{"line":64,"column":92}},"type":"binary-expr","locations":[{"start":{"line":64,"column":22},"end":{"line":64,"column":53}},{"start":{"line":64,"column":57},"end":{"line":64,"column":91}}]},"21":{"loc":{"start":{"line":64,"column":57},"end":{"line":64,"column":91}},"type":"cond-expr","locations":[{"start":{"line":64,"column":79},"end":{"line":64,"column":81}},{"start":{"line":64,"column":79},"end":{"line":64,"column":91}}]},"22":{"loc":{"start":{"line":64,"column":57},"end":{"line":64,"column":81}},"type":"binary-expr","locations":[{"start":{"line":64,"column":57},"end":{"line":64,"column":81}},{"start":{"line":64,"column":79},"end":{"line":64,"column":81}}]},"23":{"loc":{"start":{"line":66,"column":4},"end":{"line":71,"column":5}},"type":"if","locations":[{"start":{"line":66,"column":4},"end":{"line":71,"column":5}}]},"24":{"loc":{"start":{"line":66,"column":8},"end":{"line":66,"column":28}},"type":"binary-expr","locations":[{"start":{"line":66,"column":8},"end":{"line":66,"column":14}},{"start":{"line":66,"column":18},"end":{"line":66,"column":28}}]},"25":{"loc":{"start":{"line":95,"column":8},"end":{"line":102,"column":9}},"type":"if","locations":[{"start":{"line":95,"column":8},"end":{"line":102,"column":9}}]},"26":{"loc":{"start":{"line":104,"column":8},"end":{"line":116,"column":9}},"type":"if","locations":[{"start":{"line":104,"column":8},"end":{"line":116,"column":9}}]},"27":{"loc":{"start":{"line":106,"column":16},"end":{"line":108,"column":77}},"type":"binary-expr","locations":[{"start":{"line":106,"column":16},"end":{"line":106,"column":41}},{"start":{"line":107,"column":16},"end":{"line":107,"column":34}},{"start":{"line":108,"column":16},"end":{"line":108,"column":77}}]},"28":{"loc":{"start":{"line":106,"column":16},"end":{"line":106,"column":41}},"type":"cond-expr","locations":[{"start":{"line":106,"column":28},"end":{"line":106,"column":30}},{"start":{"line":106,"column":28},"end":{"line":106,"column":41}}]},"29":{"loc":{"start":{"line":106,"column":16},"end":{"line":106,"column":30}},"type":"binary-expr","locations":[{"start":{"line":106,"column":16},"end":{"line":106,"column":30}},{"start":{"line":106,"column":28},"end":{"line":106,"column":30}}]},"30":{"loc":{"start":{"line":107,"column":16},"end":{"line":107,"column":34}},"type":"cond-expr","locations":[{"start":{"line":107,"column":28},"end":{"line":107,"column":30}},{"start":{"line":107,"column":28},"end":{"line":107,"column":34}}]},"31":{"loc":{"start":{"line":107,"column":16},"end":{"line":107,"column":30}},"type":"binary-expr","locations":[{"start":{"line":107,"column":16},"end":{"line":107,"column":30}},{"start":{"line":107,"column":28},"end":{"line":107,"column":30}}]},"32":{"loc":{"start":{"line":118,"column":8},"end":{"line":123,"column":9}},"type":"if","locations":[{"start":{"line":118,"column":8},"end":{"line":123,"column":9}}]},"33":{"loc":{"start":{"line":127,"column":20},"end":{"line":127,"column":43}},"type":"cond-expr","locations":[{"start":{"line":127,"column":33},"end":{"line":127,"column":37}},{"start":{"line":127,"column":37},"end":{"line":127,"column":43}}]},"34":{"loc":{"start":{"line":127,"column":20},"end":{"line":127,"column":37}},"type":"binary-expr","locations":[{"start":{"line":127,"column":20},"end":{"line":127,"column":37}},{"start":{"line":127,"column":33},"end":{"line":127,"column":37}}]},"35":{"loc":{"start":{"line":128,"column":22},"end":{"line":128,"column":49}},"type":"cond-expr","locations":[{"start":{"line":128,"column":37},"end":{"line":128,"column":41}},{"start":{"line":128,"column":41},"end":{"line":128,"column":49}}]},"36":{"loc":{"start":{"line":128,"column":22},"end":{"line":128,"column":41}},"type":"binary-expr","locations":[{"start":{"line":128,"column":22},"end":{"line":128,"column":41}},{"start":{"line":128,"column":37},"end":{"line":128,"column":41}}]},"37":{"loc":{"start":{"line":129,"column":21},"end":{"line":129,"column":46}},"type":"cond-expr","locations":[{"start":{"line":129,"column":35},"end":{"line":129,"column":39}},{"start":{"line":129,"column":39},"end":{"line":129,"column":46}}]},"38":{"loc":{"start":{"line":129,"column":21},"end":{"line":129,"column":39}},"type":"binary-expr","locations":[{"start":{"line":129,"column":21},"end":{"line":129,"column":39}},{"start":{"line":129,"column":35},"end":{"line":129,"column":39}}]},"39":{"loc":{"start":{"line":130,"column":20},"end":{"line":130,"column":46}},"type":"cond-expr","locations":[{"start":{"line":130,"column":33},"end":{"line":130,"column":37}},{"start":{"line":130,"column":37},"end":{"line":130,"column":46}}]},"40":{"loc":{"start":{"line":130,"column":20},"end":{"line":130,"column":37}},"type":"binary-expr","locations":[{"start":{"line":130,"column":20},"end":{"line":130,"column":37}},{"start":{"line":130,"column":33},"end":{"line":130,"column":37}}]},"41":{"loc":{"start":{"line":133,"column":8},"end":{"line":135,"column":9}},"type":"if","locations":[{"start":{"line":133,"column":8},"end":{"line":135,"column":9}}]},"42":{"loc":{"start":{"line":141,"column":48},"end":{"line":141,"column":78}},"type":"binary-expr","locations":[{"start":{"line":141,"column":48},"end":{"line":141,"column":59}},{"start":{"line":141,"column":63},"end":{"line":141,"column":78}}]}},"s":{"0":0,"1":0,"2":0,"3":0,"4":0,"5":0,"6":0,"7":0,"8":0,"9":0,"10":0,"11":0,"12":0,"13":0,"14":0,"15":0,"16":0,"17":0,"18":0,"19":0,"20":0,"21":0,"22":0,"23":0,"24":0,"25":0,"26":0,"27":0,"28":0,"29":0,"30":0,"31":0,"32":0,"33":0,"34":0,"35":0,"36":0,"37":0,"38":0},"f":{"0":0},"b":{"0":[0],"1":[0,0],"2":[0,0],"3":[0],"4":[0,0],"5":[0,0],"6":[0,0],"7":[0,0],"8":[0,0],"9":[0],"10":[0,0],"11":[0,0],"12":[0,0],"13":[0,0],"14":[0,0],"15":[0,0],"16":[0,0],"17":[0,0],"18":[0,0],"19":[0,0],"20":[0,0],"21":[0,0],"22":[0,0],"23":[0],"24":[0,0],"25":[0],"26":[0],"27":[0,0,0],"28":[0,0],"29":[0,0],"30":[0,0],"31":[0,0],"32":[0],"33":[0,0],"34":[0,0],"35":[0,0],"36":[0,0],"37":[0,0],"38":[0,0],"39":[0,0],"40":[0,0],"41":[0],"42":[0,0]}}
,"C:\\Users\\wujjw\\Music\\MediTrack-main\\MediTrack-main\\functions\\src\\syncSecretsToRemoteConfig.ts": {"path":"C:\\Users\\wujjw\\Music\\MediTrack-main\\MediTrack-main\\functions\\src\\syncSecretsToRemoteConfig.ts","statementMap":{"0":{"start":{"line":16,"column":0},"end":{"line":16,"column":48}},"1":{"start":{"line":17,"column":0},"end":{"line":17,"column":40}},"2":{"start":{"line":18,"column":0},"end":{"line":18,"column":74}},"3":{"start":{"line":20,"column":21},"end":{"line":20,"column":41}},"4":{"start":{"line":21,"column":22},"end":{"line":21,"column":54}},"5":{"start":{"line":36,"column":35},"end":{"line":42,"column":2}},"6":{"start":{"line":54,"column":13},"end":{"line":182,"column":2}},"7":{"start":{"line":56,"column":4},"end":{"line":180,"column":5}},"8":{"start":{"line":57,"column":6},"end":{"line":60,"column":7}},"9":{"start":{"line":58,"column":8},"end":{"line":58,"column":73}},"10":{"start":{"line":59,"column":8},"end":{"line":59,"column":15}},"11":{"start":{"line":62,"column":6},"end":{"line":62,"column":83}},"12":{"start":{"line":64,"column":24},"end":{"line":64,"column":53}},"13":{"start":{"line":65,"column":6},"end":{"line":67,"column":7}},"14":{"start":{"line":66,"column":8},"end":{"line":66,"column":71}},"15":{"start":{"line":70,"column":56},"end":{"line":70,"column":58}},"16":{"start":{"line":72,"column":6},"end":{"line":98,"column":7}},"17":{"start":{"line":73,"column":8},"end":{"line":97,"column":9}},"18":{"start":{"line":74,"column":10},"end":{"line":74,"column":63}},"19":{"start":{"line":77,"column":29},"end":{"line":77,"column":97}},"20":{"start":{"line":80,"column":29},"end":{"line":82,"column":12}},"21":{"start":{"line":84,"column":30},"end":{"line":84,"column":76}},"22":{"start":{"line":86,"column":10},"end":{"line":92,"column":11}},"23":{"start":{"line":87,"column":12},"end":{"line":87,"column":74}},"24":{"start":{"line":88,"column":12},"end":{"line":88,"column":43}},"25":{"start":{"line":90,"column":12},"end":{"line":90,"column":52}},"26":{"start":{"line":91,"column":12},"end":{"line":91,"column":102}},"27":{"start":{"line":94,"column":22},"end":{"line":94,"column":51}},"28":{"start":{"line":95,"column":10},"end":{"line":95,"column":79}},"29":{"start":{"line":96,"column":10},"end":{"line":96,"column":41}},"30":{"start":{"line":101,"column":6},"end":{"line":101,"column":65}},"31":{"start":{"line":102,"column":23},"end":{"line":102,"column":55}},"32":{"start":{"line":105,"column":25},"end":{"line":105,"column":26}},"33":{"start":{"line":106,"column":21},"end":{"line":106,"column":46}},"34":{"start":{"line":108,"column":6},"end":{"line":140,"column":7}},"35":{"start":{"line":109,"column":23},"end":{"line":109,"column":48}},"36":{"start":{"line":111,"column":8},"end":{"line":114,"column":9}},"37":{"start":{"line":112,"column":10},"end":{"line":112,"column":63}},"38":{"start":{"line":113,"column":10},"end":{"line":113,"column":19}},"39":{"start":{"line":117,"column":29},"end":{"line":117,"column":59}},"40":{"start":{"line":118,"column":27},"end":{"line":118,"column":29}},"41":{"start":{"line":120,"column":8},"end":{"line":124,"column":9}},"42":{"start":{"line":122,"column":30},"end":{"line":122,"column":63}},"43":{"start":{"line":123,"column":10},"end":{"line":123,"column":90}},"44":{"start":{"line":126,"column":8},"end":{"line":139,"column":9}},"45":{"start":{"line":127,"column":10},"end":{"line":127,"column":77}},"46":{"start":{"line":129,"column":10},"end":{"line":134,"column":12}},"47":{"start":{"line":136,"column":10},"end":{"line":136,"column":25}},"48":{"start":{"line":138,"column":10},"end":{"line":138,"column":66}},"49":{"start":{"line":143,"column":6},"end":{"line":171,"column":7}},"50":{"start":{"line":144,"column":8},"end":{"line":144,"column":80}},"51":{"start":{"line":146,"column":29},"end":{"line":148,"column":null}},"52":{"start":{"line":151,"column":23},"end":{"line":151,"column":74}},"53":{"start":{"line":153,"column":8},"end":{"line":153,"column":60}},"54":{"start":{"line":155,"column":8},"end":{"line":162,"column":11}},"55":{"start":{"line":159,"column":29},"end":{"line":159,"column":48}},"56":{"start":{"line":160,"column":26},"end":{"line":160,"column":61}},"57":{"start":{"line":164,"column":8},"end":{"line":164,"column":50}},"58":{"start":{"line":166,"column":8},"end":{"line":170,"column":11}},"59":{"start":{"line":173,"column":18},"end":{"line":173,"column":47}},"60":{"start":{"line":174,"column":6},"end":{"line":174,"column":51}},"61":{"start":{"line":176,"column":6},"end":{"line":179,"column":9}},"62":{"start":{"line":192,"column":13},"end":{"line":277,"column":5}},"63":{"start":{"line":195,"column":4},"end":{"line":195,"column":73}},"64":{"start":{"line":197,"column":4},"end":{"line":276,"column":5}},"65":{"start":{"line":198,"column":24},"end":{"line":198,"column":53}},"66":{"start":{"line":199,"column":6},"end":{"line":201,"column":7}},"67":{"start":{"line":200,"column":8},"end":{"line":200,"column":58}},"68":{"start":{"line":203,"column":6},"end":{"line":203,"column":93}},"69":{"start":{"line":205,"column":56},"end":{"line":205,"column":58}},"70":{"start":{"line":208,"column":6},"end":{"line":226,"column":7}},"71":{"start":{"line":209,"column":8},"end":{"line":225,"column":9}},"72":{"start":{"line":210,"column":29},"end":{"line":210,"column":97}},"73":{"start":{"line":213,"column":29},"end":{"line":215,"column":12}},"74":{"start":{"line":217,"column":30},"end":{"line":217,"column":76}},"75":{"start":{"line":218,"column":10},"end":{"line":218,"column":50}},"76":{"start":{"line":220,"column":10},"end":{"line":220,"column":100}},"77":{"start":{"line":222,"column":22},"end":{"line":222,"column":51}},"78":{"start":{"line":223,"column":10},"end":{"line":223,"column":96}},"79":{"start":{"line":224,"column":10},"end":{"line":224,"column":41}},"80":{"start":{"line":229,"column":23},"end":{"line":229,"column":55}},"81":{"start":{"line":230,"column":25},"end":{"line":230,"column":26}},"82":{"start":{"line":231,"column":21},"end":{"line":231,"column":46}},"83":{"start":{"line":233,"column":6},"end":{"line":256,"column":7}},"84":{"start":{"line":234,"column":23},"end":{"line":234,"column":48}},"85":{"start":{"line":236,"column":8},"end":{"line":236,"column":35}},"86":{"start":{"line":236,"column":26},"end":{"line":236,"column":35}},"87":{"start":{"line":238,"column":29},"end":{"line":238,"column":59}},"88":{"start":{"line":239,"column":27},"end":{"line":239,"column":29}},"89":{"start":{"line":241,"column":8},"end":{"line":245,"column":9}},"90":{"start":{"line":243,"column":30},"end":{"line":243,"column":63}},"91":{"start":{"line":244,"column":10},"end":{"line":244,"column":90}},"92":{"start":{"line":247,"column":8},"end":{"line":255,"column":9}},"93":{"start":{"line":248,"column":10},"end":{"line":253,"column":12}},"94":{"start":{"line":254,"column":10},"end":{"line":254,"column":25}},"95":{"start":{"line":258,"column":6},"end":{"line":271,"column":7}},"96":{"start":{"line":259,"column":29},"end":{"line":261,"column":null}},"97":{"start":{"line":264,"column":8},"end":{"line":264,"column":60}},"98":{"start":{"line":266,"column":8},"end":{"line":266,"column":81}},"99":{"start":{"line":267,"column":8},"end":{"line":267,"column":56}},"100":{"start":{"line":269,"column":8},"end":{"line":269,"column":57}},"101":{"start":{"line":270,"column":8},"end":{"line":270,"column":45}},"102":{"start":{"line":273,"column":18},"end":{"line":273,"column":47}},"103":{"start":{"line":274,"column":6},"end":{"line":274,"column":61}},"104":{"start":{"line":275,"column":6},"end":{"line":275,"column":18}},"105":{"start":{"line":282,"column":13},"end":{"line":315,"column":2}},"106":{"start":{"line":284,"column":4},"end":{"line":313,"column":5}},"107":{"start":{"line":285,"column":6},"end":{"line":288,"column":7}},"108":{"start":{"line":286,"column":8},"end":{"line":286,"column":72}},"109":{"start":{"line":287,"column":8},"end":{"line":287,"column":15}},"110":{"start":{"line":290,"column":24},"end":{"line":290,"column":53}},"111":{"start":{"line":291,"column":21},"end":{"line":301,"column":8}},"112":{"start":{"line":294,"column":27},"end":{"line":299,"column":12}},"113":{"start":{"line":303,"column":6},"end":{"line":306,"column":9}},"114":{"start":{"line":308,"column":18},"end":{"line":308,"column":47}},"115":{"start":{"line":309,"column":6},"end":{"line":312,"column":9}}},"fnMap":{"0":{"name":"(anonymous_9)","decl":{"start":{"line":55,"column":2},"end":{"line":55,"column":7}},"loc":{"start":{"line":55,"column":21},"end":{"line":181,"column":3}}},"1":{"name":"(anonymous_10)","decl":{"start":{"line":159,"column":20},"end":{"line":159,"column":21}},"loc":{"start":{"line":159,"column":29},"end":{"line":159,"column":48}}},"2":{"name":"(anonymous_11)","decl":{"start":{"line":160,"column":17},"end":{"line":160,"column":18}},"loc":{"start":{"line":160,"column":26},"end":{"line":160,"column":61}}},"3":{"name":"(anonymous_12)","decl":{"start":{"line":194,"column":13},"end":{"line":194,"column":18}},"loc":{"start":{"line":194,"column":40},"end":{"line":277,"column":3}}},"4":{"name":"(anonymous_13)","decl":{"start":{"line":283,"column":2},"end":{"line":283,"column":7}},"loc":{"start":{"line":283,"column":21},"end":{"line":314,"column":3}}},"5":{"name":"(anonymous_14)","decl":{"start":{"line":294,"column":10},"end":{"line":294,"column":11}},"loc":{"start":{"line":294,"column":27},"end":{"line":299,"column":12}}}},"branchMap":{"0":{"loc":{"start":{"line":57,"column":6},"end":{"line":60,"column":7}},"type":"if","locations":[{"start":{"line":57,"column":6},"end":{"line":60,"column":7}}]},"1":{"loc":{"start":{"line":65,"column":6},"end":{"line":67,"column":7}},"type":"if","locations":[{"start":{"line":65,"column":6},"end":{"line":67,"column":7}}]},"2":{"loc":{"start":{"line":84,"column":30},"end":{"line":84,"column":76}},"type":"binary-expr","locations":[{"start":{"line":84,"column":30},"end":{"line":84,"column":70}},{"start":{"line":84,"column":74},"end":{"line":84,"column":76}}]},"3":{"loc":{"start":{"line":84,"column":30},"end":{"line":84,"column":70}},"type":"cond-expr","locations":[{"start":{"line":84,"column":52},"end":{"line":84,"column":54}},{"start":{"line":84,"column":52},"end":{"line":84,"column":70}}]},"4":{"loc":{"start":{"line":84,"column":30},"end":{"line":84,"column":54}},"type":"binary-expr","locations":[{"start":{"line":84,"column":30},"end":{"line":84,"column":54}},{"start":{"line":84,"column":52},"end":{"line":84,"column":54}}]},"5":{"loc":{"start":{"line":84,"column":30},"end":{"line":84,"column":52}},"type":"cond-expr","locations":[{"start":{"line":84,"column":46},"end":{"line":84,"column":48}},{"start":{"line":84,"column":46},"end":{"line":84,"column":52}}]},"6":{"loc":{"start":{"line":84,"column":30},"end":{"line":84,"column":48}},"type":"binary-expr","locations":[{"start":{"line":84,"column":30},"end":{"line":84,"column":48}},{"start":{"line":84,"column":46},"end":{"line":84,"column":48}}]},"7":{"loc":{"start":{"line":86,"column":10},"end":{"line":92,"column":11}},"type":"if","locations":[{"start":{"line":86,"column":10},"end":{"line":92,"column":11}},{"start":{"line":89,"column":17},"end":{"line":92,"column":11}}]},"8":{"loc":{"start":{"line":106,"column":21},"end":{"line":106,"column":46}},"type":"binary-expr","locations":[{"start":{"line":106,"column":21},"end":{"line":106,"column":40}},{"start":{"line":106,"column":44},"end":{"line":106,"column":46}}]},"9":{"loc":{"start":{"line":111,"column":8},"end":{"line":114,"column":9}},"type":"if","locations":[{"start":{"line":111,"column":8},"end":{"line":114,"column":9}}]},"10":{"loc":{"start":{"line":120,"column":8},"end":{"line":124,"column":9}},"type":"if","locations":[{"start":{"line":120,"column":8},"end":{"line":124,"column":9}}]},"11":{"loc":{"start":{"line":120,"column":12},"end":{"line":120,"column":58}},"type":"binary-expr","locations":[{"start":{"line":120,"column":12},"end":{"line":120,"column":24}},{"start":{"line":120,"column":28},"end":{"line":120,"column":58}}]},"12":{"loc":{"start":{"line":123,"column":25},"end":{"line":123,"column":89}},"type":"cond-expr","locations":[{"start":{"line":123,"column":60},"end":{"line":123,"column":84}},{"start":{"line":123,"column":87},"end":{"line":123,"column":89}}]},"13":{"loc":{"start":{"line":123,"column":26},"end":{"line":123,"column":56}},"type":"binary-expr","locations":[{"start":{"line":123,"column":26},"end":{"line":123,"column":36}},{"start":{"line":123,"column":40},"end":{"line":123,"column":56}}]},"14":{"loc":{"start":{"line":126,"column":8},"end":{"line":139,"column":9}},"type":"if","locations":[{"start":{"line":126,"column":8},"end":{"line":139,"column":9}},{"start":{"line":137,"column":15},"end":{"line":139,"column":9}}]},"15":{"loc":{"start":{"line":143,"column":6},"end":{"line":171,"column":7}},"type":"if","locations":[{"start":{"line":143,"column":6},"end":{"line":171,"column":7}},{"start":{"line":163,"column":13},"end":{"line":171,"column":7}}]},"16":{"loc":{"start":{"line":178,"column":17},"end":{"line":178,"column":47}},"type":"binary-expr","locations":[{"start":{"line":178,"column":17},"end":{"line":178,"column":28}},{"start":{"line":178,"column":32},"end":{"line":178,"column":47}}]},"17":{"loc":{"start":{"line":199,"column":6},"end":{"line":201,"column":7}},"type":"if","locations":[{"start":{"line":199,"column":6},"end":{"line":201,"column":7}}]},"18":{"loc":{"start":{"line":217,"column":30},"end":{"line":217,"column":76}},"type":"binary-expr","locations":[{"start":{"line":217,"column":30},"end":{"line":217,"column":70}},{"start":{"line":217,"column":74},"end":{"line":217,"column":76}}]},"19":{"loc":{"start":{"line":217,"column":30},"end":{"line":217,"column":70}},"type":"cond-expr","locations":[{"start":{"line":217,"column":52},"end":{"line":217,"column":54}},{"start":{"line":217,"column":52},"end":{"line":217,"column":70}}]},"20":{"loc":{"start":{"line":217,"column":30},"end":{"line":217,"column":54}},"type":"binary-expr","locations":[{"start":{"line":217,"column":30},"end":{"line":217,"column":54}},{"start":{"line":217,"column":52},"end":{"line":217,"column":54}}]},"21":{"loc":{"start":{"line":217,"column":30},"end":{"line":217,"column":52}},"type":"cond-expr","locations":[{"start":{"line":217,"column":46},"end":{"line":217,"column":48}},{"start":{"line":217,"column":46},"end":{"line":217,"column":52}}]},"22":{"loc":{"start":{"line":217,"column":30},"end":{"line":217,"column":48}},"type":"binary-expr","locations":[{"start":{"line":217,"column":30},"end":{"line":217,"column":48}},{"start":{"line":217,"column":46},"end":{"line":217,"column":48}}]},"23":{"loc":{"start":{"line":231,"column":21},"end":{"line":231,"column":46}},"type":"binary-expr","locations":[{"start":{"line":231,"column":21},"end":{"line":231,"column":40}},{"start":{"line":231,"column":44},"end":{"line":231,"column":46}}]},"24":{"loc":{"start":{"line":236,"column":8},"end":{"line":236,"column":35}},"type":"if","locations":[{"start":{"line":236,"column":8},"end":{"line":236,"column":35}}]},"25":{"loc":{"start":{"line":241,"column":8},"end":{"line":245,"column":9}},"type":"if","locations":[{"start":{"line":241,"column":8},"end":{"line":245,"column":9}}]},"26":{"loc":{"start":{"line":241,"column":12},"end":{"line":241,"column":58}},"type":"binary-expr","locations":[{"start":{"line":241,"column":12},"end":{"line":241,"column":24}},{"start":{"line":241,"column":28},"end":{"line":241,"column":58}}]},"27":{"loc":{"start":{"line":244,"column":25},"end":{"line":244,"column":89}},"type":"cond-expr","locations":[{"start":{"line":244,"column":60},"end":{"line":244,"column":84}},{"start":{"line":244,"column":87},"end":{"line":244,"column":89}}]},"28":{"loc":{"start":{"line":244,"column":26},"end":{"line":244,"column":56}},"type":"binary-expr","locations":[{"start":{"line":244,"column":26},"end":{"line":244,"column":36}},{"start":{"line":244,"column":40},"end":{"line":244,"column":56}}]},"29":{"loc":{"start":{"line":247,"column":8},"end":{"line":255,"column":9}},"type":"if","locations":[{"start":{"line":247,"column":8},"end":{"line":255,"column":9}}]},"30":{"loc":{"start":{"line":258,"column":6},"end":{"line":271,"column":7}},"type":"if","locations":[{"start":{"line":258,"column":6},"end":{"line":271,"column":7}},{"start":{"line":268,"column":13},"end":{"line":271,"column":7}}]},"31":{"loc":{"start":{"line":285,"column":6},"end":{"line":288,"column":7}},"type":"if","locations":[{"start":{"line":285,"column":6},"end":{"line":288,"column":7}}]}},"s":{"0":0,"1":0,"2":0,"3":0,"4":0,"5":0,"6":0,"7":0,"8":0,"9":0,"10":0,"11":0,"12":0,"13":0,"14":0,"15":0,"16":0,"17":0,"18":0,"19":0,"20":0,"21":0,"22":0,"23":0,"24":0,"25":0,"26":0,"27":0,"28":0,"29":0,"30":0,"31":0,"32":0,"33":0,"34":0,"35":0,"36":0,"37":0,"38":0,"39":0,"40":0,"41":0,"42":0,"43":0,"44":0,"45":0,"46":0,"47":0,"48":0,"49":0,"50":0,"51":0,"52":0,"53":0,"54":0,"55":0,"56":0,"57":0,"58":0,"59":0,"60":0,"61":0,"62":0,"63":0,"64":0,"65":0,"66":0,"67":0,"68":0,"69":0,"70":0,"71":0,"72":0,"73":0,"74":0,"75":0,"76":0,"77":0,"78":0,"79":0,"80":0,"81":0,"82":0,"83":0,"84":0,"85":0,"86":0,"87":0,"88":0,"89":0,"90":0,"91":0,"92":0,"93":0,"94":0,"95":0,"96":0,"97":0,"98":0,"99":0,"100":0,"101":0,"102":0,"103":0,"104":0,"105":0,"106":0,"107":0,"108":0,"109":0,"110":0,"111":0,"112":0,"113":0,"114":0,"115":0},"f":{"0":0,"1":0,"2":0,"3":0,"4":0,"5":0},"b":{"0":[0],"1":[0],"2":[0,0],"3":[0,0],"4":[0,0],"5":[0,0],"6":[0,0],"7":[0,0],"8":[0,0],"9":[0],"10":[0],"11":[0,0],"12":[0,0],"13":[0,0],"14":[0,0],"15":[0,0],"16":[0,0],"17":[0],"18":[0,0],"19":[0,0],"20":[0,0],"21":[0,0],"22":[0,0],"23":[0,0],"24":[0],"25":[0],"26":[0,0],"27":[0,0],"28":[0,0],"29":[0],"30":[0,0],"31":[0]}}
,"C:\\Users\\wujjw\\Music\\MediTrack-main\\MediTrack-main\\functions\\src\\verifyRazorpayPayment.ts": {"path":"C:\\Users\\wujjw\\Music\\MediTrack-main\\MediTrack-main\\functions\\src\\verifyRazorpayPayment.ts","statementMap":{"0":{"start":{"line":200,"column":0},"end":{"line":200,"column":16}},"1":{"start":{"line":15,"column":0},"end":{"line":15,"column":48}},"2":{"start":{"line":16,"column":0},"end":{"line":16,"column":40}},"3":{"start":{"line":17,"column":0},"end":{"line":17,"column":33}},"4":{"start":{"line":23,"column":13},"end":{"line":194,"column":2}},"5":{"start":{"line":25,"column":15},"end":{"line":25,"column":32}},"6":{"start":{"line":27,"column":4},"end":{"line":32,"column":5}},"7":{"start":{"line":28,"column":6},"end":{"line":31,"column":8}},"8":{"start":{"line":34,"column":19},"end":{"line":34,"column":35}},"9":{"start":{"line":35,"column":64},"end":{"line":35,"column":68}},"10":{"start":{"line":38,"column":4},"end":{"line":43,"column":5}},"11":{"start":{"line":39,"column":6},"end":{"line":42,"column":8}},"12":{"start":{"line":45,"column":4},"end":{"line":50,"column":5}},"13":{"start":{"line":46,"column":6},"end":{"line":49,"column":8}},"14":{"start":{"line":52,"column":4},"end":{"line":57,"column":5}},"15":{"start":{"line":53,"column":6},"end":{"line":56,"column":8}},"16":{"start":{"line":59,"column":4},"end":{"line":64,"column":5}},"17":{"start":{"line":60,"column":6},"end":{"line":63,"column":8}},"18":{"start":{"line":66,"column":4},"end":{"line":192,"column":5}},"19":{"start":{"line":71,"column":28},"end":{"line":71,"column":46}},"20":{"start":{"line":72,"column":22},"end":{"line":72,"column":92}},"21":{"start":{"line":74,"column":6},"end":{"line":84,"column":7}},"22":{"start":{"line":75,"column":8},"end":{"line":75,"column":67}},"23":{"start":{"line":80,"column":8},"end":{"line":83,"column":10}},"24":{"start":{"line":88,"column":22},"end":{"line":88,"column":47}},"25":{"start":{"line":89,"column":32},"end":{"line":92,"column":22}},"26":{"start":{"line":94,"column":31},"end":{"line":94,"column":62}},"27":{"start":{"line":96,"column":6},"end":{"line":98,"column":8}},"28":{"start":{"line":100,"column":6},"end":{"line":116,"column":7}},"29":{"start":{"line":102,"column":8},"end":{"line":110,"column":11}},"30":{"start":{"line":112,"column":8},"end":{"line":115,"column":10}},"31":{"start":{"line":120,"column":30},"end":{"line":125,"column":14}},"32":{"start":{"line":127,"column":6},"end":{"line":137,"column":7}},"33":{"start":{"line":128,"column":8},"end":{"line":128,"column":62}},"34":{"start":{"line":129,"column":25},"end":{"line":129,"column":55}},"35":{"start":{"line":130,"column":8},"end":{"line":136,"column":10}},"36":{"start":{"line":141,"column":27},"end":{"line":146,"column":14}},"37":{"start":{"line":148,"column":6},"end":{"line":153,"column":7}},"38":{"start":{"line":149,"column":8},"end":{"line":152,"column":10}},"39":{"start":{"line":155,"column":27},"end":{"line":155,"column":50}},"40":{"start":{"line":158,"column":6},"end":{"line":164,"column":9}},"41":{"start":{"line":166,"column":6},"end":{"line":168,"column":8}},"42":{"start":{"line":171,"column":6},"end":{"line":177,"column":8}},"43":{"start":{"line":179,"column":18},"end":{"line":179,"column":62}},"44":{"start":{"line":180,"column":6},"end":{"line":180,"column":73}},"45":{"start":{"line":183,"column":6},"end":{"line":185,"column":7}},"46":{"start":{"line":184,"column":8},"end":{"line":184,"column":20}},"47":{"start":{"line":188,"column":6},"end":{"line":191,"column":8}},"48":{"start":{"line":205,"column":18},"end":{"line":205,"column":43}},"49":{"start":{"line":206,"column":2},"end":{"line":209,"column":19}}},"fnMap":{"0":{"name":"(anonymous_9)","decl":{"start":{"line":24,"column":2},"end":{"line":24,"column":7}},"loc":{"start":{"line":24,"column":26},"end":{"line":193,"column":3}}},"1":{"name":"generateRazorpaySignature","decl":{"start":{"line":200,"column":16},"end":{"line":200,"column":41}},"loc":{"start":{"line":203,"column":19},"end":{"line":210,"column":1}}}},"branchMap":{"0":{"loc":{"start":{"line":27,"column":4},"end":{"line":32,"column":5}},"type":"if","locations":[{"start":{"line":27,"column":4},"end":{"line":32,"column":5}}]},"1":{"loc":{"start":{"line":38,"column":4},"end":{"line":43,"column":5}},"type":"if","locations":[{"start":{"line":38,"column":4},"end":{"line":43,"column":5}}]},"2":{"loc":{"start":{"line":38,"column":8},"end":{"line":38,"column":47}},"type":"binary-expr","locations":[{"start":{"line":38,"column":8},"end":{"line":38,"column":16}},{"start":{"line":38,"column":20},"end":{"line":38,"column":47}}]},"3":{"loc":{"start":{"line":45,"column":4},"end":{"line":50,"column":5}},"type":"if","locations":[{"start":{"line":45,"column":4},"end":{"line":50,"column":5}}]},"4":{"loc":{"start":{"line":45,"column":8},"end":{"line":45,"column":51}},"type":"binary-expr","locations":[{"start":{"line":45,"column":8},"end":{"line":45,"column":18}},{"start":{"line":45,"column":22},"end":{"line":45,"column":51}}]},"5":{"loc":{"start":{"line":52,"column":4},"end":{"line":57,"column":5}},"type":"if","locations":[{"start":{"line":52,"column":4},"end":{"line":57,"column":5}}]},"6":{"loc":{"start":{"line":52,"column":8},"end":{"line":52,"column":51}},"type":"binary-expr","locations":[{"start":{"line":52,"column":8},"end":{"line":52,"column":18}},{"start":{"line":52,"column":22},"end":{"line":52,"column":51}}]},"7":{"loc":{"start":{"line":59,"column":4},"end":{"line":64,"column":5}},"type":"if","locations":[{"start":{"line":59,"column":4},"end":{"line":64,"column":5}}]},"8":{"loc":{"start":{"line":59,"column":8},"end":{"line":59,"column":65}},"type":"binary-expr","locations":[{"start":{"line":59,"column":8},"end":{"line":59,"column":25}},{"start":{"line":59,"column":29},"end":{"line":59,"column":65}}]},"9":{"loc":{"start":{"line":72,"column":22},"end":{"line":72,"column":92}},"type":"binary-expr","locations":[{"start":{"line":72,"column":22},"end":{"line":72,"column":53}},{"start":{"line":72,"column":57},"end":{"line":72,"column":91}}]},"10":{"loc":{"start":{"line":72,"column":57},"end":{"line":72,"column":91}},"type":"cond-expr","locations":[{"start":{"line":72,"column":79},"end":{"line":72,"column":81}},{"start":{"line":72,"column":79},"end":{"line":72,"column":91}}]},"11":{"loc":{"start":{"line":72,"column":57},"end":{"line":72,"column":81}},"type":"binary-expr","locations":[{"start":{"line":72,"column":57},"end":{"line":72,"column":81}},{"start":{"line":72,"column":79},"end":{"line":72,"column":81}}]},"12":{"loc":{"start":{"line":74,"column":6},"end":{"line":84,"column":7}},"type":"if","locations":[{"start":{"line":74,"column":6},"end":{"line":84,"column":7}}]},"13":{"loc":{"start":{"line":100,"column":6},"end":{"line":116,"column":7}},"type":"if","locations":[{"start":{"line":100,"column":6},"end":{"line":116,"column":7}}]},"14":{"loc":{"start":{"line":127,"column":6},"end":{"line":137,"column":7}},"type":"if","locations":[{"start":{"line":127,"column":6},"end":{"line":137,"column":7}}]},"15":{"loc":{"start":{"line":148,"column":6},"end":{"line":153,"column":7}},"type":"if","locations":[{"start":{"line":148,"column":6},"end":{"line":153,"column":7}}]},"16":{"loc":{"start":{"line":183,"column":6},"end":{"line":185,"column":7}},"type":"if","locations":[{"start":{"line":183,"column":6},"end":{"line":185,"column":7}}]}},"s":{"0":1,"1":1,"2":1,"3":1,"4":1,"5":0,"6":0,"7":0,"8":0,"9":0,"10":0,"11":0,"12":0,"13":0,"14":0,"15":0,"16":0,"17":0,"18":0,"19":0,"20":0,"21":0,"22":0,"23":0,"24":0,"25":0,"26":0,"27":0,"28":0,"29":0,"30":0,"31":0,"32":0,"33":0,"34":0,"35":0,"36":0,"37":0,"38":0,"39":0,"40":0,"41":0,"42":0,"43":0,"44":0,"45":0,"46":0,"47":0,"48":36,"49":36},"f":{"0":0,"1":36},"b":{"0":[0],"1":[0],"2":[0,0],"3":[0],"4":[0,0],"5":[0],"6":[0,0],"7":[0],"8":[0,0],"9":[0,0],"10":[0,0],"11":[0,0],"12":[0],"13":[0],"14":[0],"15":[0],"16":[0]}}
}
