TN:
SF:src\createRazorpayOrder.ts
FN:26,(anonymous_9)
FNF:1
FNH:0
FNDA:0,(anonymous_9)
DA:8,0
DA:26,0
DA:27,0
DA:28,0
DA:34,0
DA:35,0
DA:36,0
DA:43,0
DA:47,0
DA:48,0
DA:55,0
DA:60,0
DA:62,0
DA:63,0
DA:64,0
DA:66,0
DA:67,0
DA:73,0
DA:74,0
DA:75,0
DA:92,0
DA:93,0
DA:95,0
DA:96,0
DA:97,0
DA:99,0
DA:100,0
DA:104,0
DA:106,0
DA:110,0
DA:115,0
DA:118,0
DA:119,0
DA:125,0
DA:133,0
DA:134,0
DA:137,0
DA:138,0
DA:139,0
LF:39
LH:0
BRDA:27,0,0,0
BRDA:34,1,0,0
BRDA:34,1,1,0
BRDA:34,2,0,0
BRDA:34,2,1,0
BRDA:35,3,0,0
BRDA:35,4,0,0
BRDA:35,4,1,0
BRDA:43,5,0,0
BRDA:43,5,1,0
BRDA:43,6,0,0
BRDA:43,6,1,0
BRDA:43,7,0,0
BRDA:43,7,1,0
BRDA:43,8,0,0
BRDA:43,8,1,0
BRDA:47,9,0,0
BRDA:55,10,0,0
BRDA:55,10,1,0
BRDA:55,11,0,0
BRDA:55,11,1,0
BRDA:55,12,0,0
BRDA:55,12,1,0
BRDA:55,13,0,0
BRDA:55,13,1,0
BRDA:60,14,0,0
BRDA:60,14,1,0
BRDA:60,15,0,0
BRDA:60,15,1,0
BRDA:60,16,0,0
BRDA:60,16,1,0
BRDA:63,17,0,0
BRDA:63,17,1,0
BRDA:63,18,0,0
BRDA:63,18,1,0
BRDA:63,19,0,0
BRDA:63,19,1,0
BRDA:64,20,0,0
BRDA:64,20,1,0
BRDA:64,21,0,0
BRDA:64,21,1,0
BRDA:64,22,0,0
BRDA:64,22,1,0
BRDA:66,23,0,0
BRDA:66,24,0,0
BRDA:66,24,1,0
BRDA:95,25,0,0
BRDA:104,26,0,0
BRDA:106,27,0,0
BRDA:106,27,1,0
BRDA:106,27,2,0
BRDA:106,28,0,0
BRDA:106,28,1,0
BRDA:106,29,0,0
BRDA:106,29,1,0
BRDA:107,30,0,0
BRDA:107,30,1,0
BRDA:107,31,0,0
BRDA:107,31,1,0
BRDA:118,32,0,0
BRDA:127,33,0,0
BRDA:127,33,1,0
BRDA:127,34,0,0
BRDA:127,34,1,0
BRDA:128,35,0,0
BRDA:128,35,1,0
BRDA:128,36,0,0
BRDA:128,36,1,0
BRDA:129,37,0,0
BRDA:129,37,1,0
BRDA:129,38,0,0
BRDA:129,38,1,0
BRDA:130,39,0,0
BRDA:130,39,1,0
BRDA:130,40,0,0
BRDA:130,40,1,0
BRDA:133,41,0,0
BRDA:141,42,0,0
BRDA:141,42,1,0
BRF:79
BRH:0
end_of_record
TN:
SF:src\scoreRiskWithVertex.ts
FN:31,asRecord
FN:37,asString
FN:41,toOptionalNumber
FN:56,toPositiveIntOrDefault
FN:66,normalizeRiskLabel
FN:84,parseFeatures
FN:102,buildFallbackResponse
FN:194,normalizeVertexResponse
FN:235,fetchIdTokenForAudience
FN:247,(anonymous_18)
FN:291,(anonymous_19)
FNF:11
FNH:0
FNDA:0,asRecord
FNDA:0,asString
FNDA:0,toOptionalNumber
FNDA:0,toPositiveIntOrDefault
FNDA:0,normalizeRiskLabel
FNDA:0,parseFeatures
FNDA:0,buildFallbackResponse
FNDA:0,normalizeVertexResponse
FNDA:0,fetchIdTokenForAudience
FNDA:0,(anonymous_18)
FNDA:0,(anonymous_19)
DA:8,0
DA:9,0
DA:28,0
DA:29,0
DA:32,0
DA:38,0
DA:42,0
DA:43,0
DA:46,0
DA:47,0
DA:48,0
DA:49,0
DA:53,0
DA:57,0
DA:58,0
DA:59,0
DA:62,0
DA:63,0
DA:67,0
DA:68,0
DA:70,0
DA:73,0
DA:75,0
DA:78,0
DA:80,0
DA:85,0
DA:87,0
DA:88,0
DA:92,0
DA:106,0
DA:107,0
DA:109,0
DA:110,0
DA:111,0
DA:112,0
DA:113,0
DA:114,0
DA:116,0
DA:117,0
DA:118,0
DA:119,0
DA:120,0
DA:121,0
DA:122,0
DA:123,0
DA:124,0
DA:127,0
DA:128,0
DA:129,0
DA:130,0
DA:131,0
DA:132,0
DA:133,0
DA:134,0
DA:135,0
DA:136,0
DA:140,0
DA:141,0
DA:142,0
DA:143,0
DA:144,0
DA:145,0
DA:146,0
DA:150,0
DA:151,0
DA:152,0
DA:153,0
DA:154,0
DA:155,0
DA:156,0
DA:160,0
DA:161,0
DA:162,0
DA:163,0
DA:164,0
DA:165,0
DA:166,0
DA:170,0
DA:172,0
DA:173,0
DA:174,0
DA:175,0
DA:176,0
DA:177,0
DA:178,0
DA:181,0
DA:185,0
DA:195,0
DA:196,0
DA:198,0
DA:201,0
DA:205,0
DA:207,0
DA:213,0
DA:219,0
DA:225,0
DA:226,0
DA:228,0
DA:236,0
DA:237,0
DA:239,0
DA:240,0
DA:241,0
DA:244,0
DA:247,0
DA:248,0
DA:249,0
DA:255,0
DA:257,0
DA:259,0
DA:263,0
DA:268,0
DA:269,0
DA:271,0
DA:272,0
DA:273,0
DA:276,0
DA:282,0
DA:287,0
DA:288,0
DA:290,0
DA:291,0
DA:292,0
DA:295,0
DA:302,0
DA:312,0
DA:314,0
DA:315,0
DA:317,0
DA:318,0
DA:319,0
DA:321,0
DA:322,0
DA:326,0
DA:327,0
DA:332,0
DA:334,0
DA:342,0
DA:343,0
DA:345,0
DA:346,0
DA:352,0
LF:142
LH:0
BRDA:32,0,0,0
BRDA:32,0,1,0
BRDA:32,1,0,0
BRDA:32,1,1,0
BRDA:32,1,2,0
BRDA:38,2,0,0
BRDA:38,2,1,0
BRDA:42,3,0,0
BRDA:42,4,0,0
BRDA:42,4,1,0
BRDA:46,5,0,0
BRDA:46,6,0,0
BRDA:46,6,1,0
BRDA:48,7,0,0
BRDA:58,8,0,0
BRDA:63,9,0,0
BRDA:63,9,1,0
BRDA:68,10,0,0
BRDA:68,10,1,0
BRDA:68,10,2,0
BRDA:68,10,3,0
BRDA:68,10,4,0
BRDA:68,10,5,0
BRDA:68,10,6,0
BRDA:85,11,0,0
BRDA:85,11,1,0
BRDA:88,12,0,0
BRDA:88,12,1,0
BRDA:116,13,0,0
BRDA:116,13,1,0
BRDA:116,14,0,0
BRDA:116,14,1,0
BRDA:116,14,2,0
BRDA:116,14,3,0
BRDA:119,15,0,0
BRDA:119,15,1,0
BRDA:119,16,0,0
BRDA:119,16,1,0
BRDA:119,16,2,0
BRDA:119,16,3,0
BRDA:122,17,0,0
BRDA:122,18,0,0
BRDA:122,18,1,0
BRDA:122,18,2,0
BRDA:122,18,3,0
BRDA:127,19,0,0
BRDA:128,20,0,0
BRDA:128,20,1,0
BRDA:131,21,0,0
BRDA:131,21,1,0
BRDA:134,22,0,0
BRDA:140,23,0,0
BRDA:141,24,0,0
BRDA:141,24,1,0
BRDA:144,25,0,0
BRDA:150,26,0,0
BRDA:151,27,0,0
BRDA:151,27,1,0
BRDA:151,28,0,0
BRDA:151,28,1,0
BRDA:154,29,0,0
BRDA:154,30,0,0
BRDA:154,30,1,0
BRDA:160,31,0,0
BRDA:161,32,0,0
BRDA:161,32,1,0
BRDA:161,33,0,0
BRDA:161,33,1,0
BRDA:164,34,0,0
BRDA:164,35,0,0
BRDA:164,35,1,0
BRDA:173,36,0,0
BRDA:173,36,1,0
BRDA:175,37,0,0
BRDA:175,37,1,0
BRDA:177,38,0,0
BRDA:181,39,0,0
BRDA:181,39,1,0
BRDA:195,40,0,0
BRDA:195,40,1,0
BRDA:198,41,0,0
BRDA:198,41,1,0
BRDA:201,42,0,0
BRDA:201,42,1,0
BRDA:201,43,0,0
BRDA:201,43,1,0
BRDA:205,44,0,0
BRDA:205,44,1,0
BRDA:205,44,2,0
BRDA:208,45,0,0
BRDA:208,45,1,0
BRDA:208,46,0,0
BRDA:208,46,1,0
BRDA:208,47,0,0
BRDA:208,47,1,0
BRDA:208,48,0,0
BRDA:208,48,1,0
BRDA:213,49,0,0
BRDA:213,49,1,0
BRDA:214,50,0,0
BRDA:214,50,1,0
BRDA:214,51,0,0
BRDA:214,51,1,0
BRDA:214,52,0,0
BRDA:214,52,1,0
BRDA:214,53,0,0
BRDA:214,53,1,0
BRDA:220,54,0,0
BRDA:220,54,1,0
BRDA:220,55,0,0
BRDA:220,55,1,0
BRDA:220,56,0,0
BRDA:220,56,1,0
BRDA:220,57,0,0
BRDA:220,57,1,0
BRDA:225,58,0,0
BRDA:225,58,1,0
BRDA:226,59,0,0
BRDA:226,59,1,0
BRDA:226,60,0,0
BRDA:226,60,1,0
BRDA:239,61,0,0
BRDA:239,61,1,0
BRDA:240,62,0,0
BRDA:240,63,0,0
BRDA:240,63,1,0
BRDA:248,64,0,0
BRDA:259,65,0,0
BRDA:259,65,1,0
BRDA:260,66,0,0
BRDA:260,66,1,0
BRDA:260,67,0,0
BRDA:260,67,1,0
BRDA:263,68,0,0
BRDA:263,68,1,0
BRDA:263,68,2,0
BRDA:264,69,0,0
BRDA:264,69,1,0
BRDA:264,70,0,0
BRDA:264,70,1,0
BRDA:268,71,0,0
BRDA:268,71,1,0
BRDA:268,71,2,0
BRDA:268,72,0,0
BRDA:268,72,1,0
BRDA:268,73,0,0
BRDA:268,73,1,0
BRDA:271,74,0,0
BRDA:271,75,0,0
BRDA:271,75,1,0
BRDA:272,76,0,0
BRDA:283,77,0,0
BRDA:283,77,1,0
BRDA:283,78,0,0
BRDA:283,78,1,0
BRDA:283,79,0,0
BRDA:283,79,1,0
BRDA:297,80,0,0
BRDA:297,80,1,0
BRDA:297,80,2,0
BRDA:317,81,0,0
BRDA:326,82,0,0
BRDA:345,83,0,0
BRF:163
BRH:0
end_of_record
TN:
SF:src\syncSecretsToRemoteConfig.ts
FN:55,(anonymous_9)
FN:159,(anonymous_10)
FN:160,(anonymous_11)
FN:194,(anonymous_12)
FN:283,(anonymous_13)
FN:294,(anonymous_14)
FNF:6
FNH:0
FNDA:0,(anonymous_9)
FNDA:0,(anonymous_10)
FNDA:0,(anonymous_11)
FNDA:0,(anonymous_12)
FNDA:0,(anonymous_13)
FNDA:0,(anonymous_14)
DA:16,0
DA:17,0
DA:18,0
DA:20,0
DA:21,0
DA:36,0
DA:54,0
DA:56,0
DA:57,0
DA:58,0
DA:59,0
DA:62,0
DA:64,0
DA:65,0
DA:66,0
DA:70,0
DA:72,0
DA:73,0
DA:74,0
DA:77,0
DA:80,0
DA:84,0
DA:86,0
DA:87,0
DA:88,0
DA:90,0
DA:91,0
DA:94,0
DA:95,0
DA:96,0
DA:101,0
DA:102,0
DA:105,0
DA:106,0
DA:108,0
DA:109,0
DA:111,0
DA:112,0
DA:113,0
DA:117,0
DA:118,0
DA:120,0
DA:122,0
DA:123,0
DA:126,0
DA:127,0
DA:129,0
DA:136,0
DA:138,0
DA:143,0
DA:144,0
DA:146,0
DA:151,0
DA:153,0
DA:155,0
DA:159,0
DA:160,0
DA:164,0
DA:166,0
DA:173,0
DA:174,0
DA:176,0
DA:192,0
DA:195,0
DA:197,0
DA:198,0
DA:199,0
DA:200,0
DA:203,0
DA:205,0
DA:208,0
DA:209,0
DA:210,0
DA:213,0
DA:217,0
DA:218,0
DA:220,0
DA:222,0
DA:223,0
DA:224,0
DA:229,0
DA:230,0
DA:231,0
DA:233,0
DA:234,0
DA:236,0
DA:238,0
DA:239,0
DA:241,0
DA:243,0
DA:244,0
DA:247,0
DA:248,0
DA:254,0
DA:258,0
DA:259,0
DA:264,0
DA:266,0
DA:267,0
DA:269,0
DA:270,0
DA:273,0
DA:274,0
DA:275,0
DA:282,0
DA:284,0
DA:285,0
DA:286,0
DA:287,0
DA:290,0
DA:291,0
DA:294,0
DA:303,0
DA:308,0
DA:309,0
LF:115
LH:0
BRDA:57,0,0,0
BRDA:65,1,0,0
BRDA:84,2,0,0
BRDA:84,2,1,0
BRDA:84,3,0,0
BRDA:84,3,1,0
BRDA:84,4,0,0
BRDA:84,4,1,0
BRDA:84,5,0,0
BRDA:84,5,1,0
BRDA:84,6,0,0
BRDA:84,6,1,0
BRDA:86,7,0,0
BRDA:86,7,1,0
BRDA:106,8,0,0
BRDA:106,8,1,0
BRDA:111,9,0,0
BRDA:120,10,0,0
BRDA:120,11,0,0
BRDA:120,11,1,0
BRDA:123,12,0,0
BRDA:123,12,1,0
BRDA:123,13,0,0
BRDA:123,13,1,0
BRDA:126,14,0,0
BRDA:126,14,1,0
BRDA:143,15,0,0
BRDA:143,15,1,0
BRDA:178,16,0,0
BRDA:178,16,1,0
BRDA:199,17,0,0
BRDA:217,18,0,0
BRDA:217,18,1,0
BRDA:217,19,0,0
BRDA:217,19,1,0
BRDA:217,20,0,0
BRDA:217,20,1,0
BRDA:217,21,0,0
BRDA:217,21,1,0
BRDA:217,22,0,0
BRDA:217,22,1,0
BRDA:231,23,0,0
BRDA:231,23,1,0
BRDA:236,24,0,0
BRDA:241,25,0,0
BRDA:241,26,0,0
BRDA:241,26,1,0
BRDA:244,27,0,0
BRDA:244,27,1,0
BRDA:244,28,0,0
BRDA:244,28,1,0
BRDA:247,29,0,0
BRDA:258,30,0,0
BRDA:258,30,1,0
BRDA:285,31,0,0
BRF:55
BRH:0
end_of_record
TN:
SF:src\verifyRazorpayPayment.ts
FN:24,(anonymous_9)
FN:200,generateRazorpaySignature
FNF:2
FNH:0
FNDA:0,(anonymous_9)
FNDA:0,generateRazorpaySignature
DA:15,0
DA:16,0
DA:17,0
DA:23,0
DA:25,0
DA:27,0
DA:28,0
DA:34,0
DA:35,0
DA:38,0
DA:39,0
DA:45,0
DA:46,0
DA:52,0
DA:53,0
DA:59,0
DA:60,0
DA:66,0
DA:71,0
DA:72,0
DA:74,0
DA:75,0
DA:80,0
DA:88,0
DA:89,0
DA:94,0
DA:96,0
DA:100,0
DA:102,0
DA:112,0
DA:120,0
DA:127,0
DA:128,0
DA:129,0
DA:130,0
DA:141,0
DA:148,0
DA:149,0
DA:155,0
DA:158,0
DA:166,0
DA:171,0
DA:179,0
DA:180,0
DA:183,0
DA:184,0
DA:188,0
DA:200,0
DA:205,0
DA:206,0
LF:50
LH:0
BRDA:27,0,0,0
BRDA:38,1,0,0
BRDA:38,2,0,0
BRDA:38,2,1,0
BRDA:45,3,0,0
BRDA:45,4,0,0
BRDA:45,4,1,0
BRDA:52,5,0,0
BRDA:52,6,0,0
BRDA:52,6,1,0
BRDA:59,7,0,0
BRDA:59,8,0,0
BRDA:59,8,1,0
BRDA:72,9,0,0
BRDA:72,9,1,0
BRDA:72,10,0,0
BRDA:72,10,1,0
BRDA:72,11,0,0
BRDA:72,11,1,0
BRDA:74,12,0,0
BRDA:100,13,0,0
BRDA:127,14,0,0
BRDA:148,15,0,0
BRDA:183,16,0,0
BRF:24
BRH:0
end_of_record
